  Library.cpp
E:\Uni\YEAR2\SemesterTwo\Algorithms and Data Structs 2 INFS2009 2022-23\ads2_assign1.c\Library.cpp(204,21): warning C4477: 'scanf_s' : format string '%8s' requires an argument of type 'unsigned int', but variadic argument 2 has type 'size_t'
E:\Uni\YEAR2\SemesterTwo\Algorithms and Data Structs 2 INFS2009 2022-23\ads2_assign1.c\Library.cpp(204,21): message : this argument is used as a buffer size
E:\Uni\YEAR2\SemesterTwo\Algorithms and Data Structs 2 INFS2009 2022-23\ads2_assign1.c\Library.cpp(320,17): warning C4473: 'scanf_s' : not enough arguments passed for format string
E:\Uni\YEAR2\SemesterTwo\Algorithms and Data Structs 2 INFS2009 2022-23\ads2_assign1.c\Library.cpp(320,17): message : placeholders and their parameters expect 2 variadic arguments, but 1 were provided
E:\Uni\YEAR2\SemesterTwo\Algorithms and Data Structs 2 INFS2009 2022-23\ads2_assign1.c\Library.cpp(320,17): message : the missing variadic argument 2 is required by format string '%s'
E:\Uni\YEAR2\SemesterTwo\Algorithms and Data Structs 2 INFS2009 2022-23\ads2_assign1.c\Library.cpp(320,17): message : this argument is used as a buffer size
E:\Uni\YEAR2\SemesterTwo\Algorithms and Data Structs 2 INFS2009 2022-23\ads2_assign1.c\Library.cpp(325,17): warning C4473: 'scanf_s' : not enough arguments passed for format string
E:\Uni\YEAR2\SemesterTwo\Algorithms and Data Structs 2 INFS2009 2022-23\ads2_assign1.c\Library.cpp(325,17): message : placeholders and their parameters expect 2 variadic arguments, but 1 were provided
E:\Uni\YEAR2\SemesterTwo\Algorithms and Data Structs 2 INFS2009 2022-23\ads2_assign1.c\Library.cpp(325,17): message : the missing variadic argument 2 is required by format string '%8s'
E:\Uni\YEAR2\SemesterTwo\Algorithms and Data Structs 2 INFS2009 2022-23\ads2_assign1.c\Library.cpp(325,17): message : this argument is used as a buffer size
E:\Uni\YEAR2\SemesterTwo\Algorithms and Data Structs 2 INFS2009 2022-23\ads2_assign1.c\Library.cpp(393,13): warning C4473: 'scanf_s' : not enough arguments passed for format string
E:\Uni\YEAR2\SemesterTwo\Algorithms and Data Structs 2 INFS2009 2022-23\ads2_assign1.c\Library.cpp(393,13): message : placeholders and their parameters expect 2 variadic arguments, but 1 were provided
E:\Uni\YEAR2\SemesterTwo\Algorithms and Data Structs 2 INFS2009 2022-23\ads2_assign1.c\Library.cpp(393,13): message : the missing variadic argument 2 is required by format string '%8s'
E:\Uni\YEAR2\SemesterTwo\Algorithms and Data Structs 2 INFS2009 2022-23\ads2_assign1.c\Library.cpp(393,13): message : this argument is used as a buffer size
E:\Uni\YEAR2\SemesterTwo\Algorithms and Data Structs 2 INFS2009 2022-23\ads2_assign1.c\Library.cpp(488,13): warning C4477: 'scanf_s' : format string '%8s' requires an argument of type 'unsigned int', but variadic argument 2 has type 'size_t'
E:\Uni\YEAR2\SemesterTwo\Algorithms and Data Structs 2 INFS2009 2022-23\ads2_assign1.c\Library.cpp(488,13): message : this argument is used as a buffer size
E:\Uni\YEAR2\SemesterTwo\Algorithms and Data Structs 2 INFS2009 2022-23\ads2_assign1.c\Library.cpp(526,13): warning C4477: 'scanf_s' : format string '%c' requires an argument of type 'unsigned int', but variadic argument 2 has type 'size_t'
E:\Uni\YEAR2\SemesterTwo\Algorithms and Data Structs 2 INFS2009 2022-23\ads2_assign1.c\Library.cpp(526,13): message : this argument is used as a buffer size
E:\Uni\YEAR2\SemesterTwo\Algorithms and Data Structs 2 INFS2009 2022-23\ads2_assign1.c\Library.cpp(575,13): warning C4477: 'scanf_s' : format string '%c' requires an argument of type 'unsigned int', but variadic argument 2 has type 'size_t'
E:\Uni\YEAR2\SemesterTwo\Algorithms and Data Structs 2 INFS2009 2022-23\ads2_assign1.c\Library.cpp(575,13): message : this argument is used as a buffer size
E:\Uni\YEAR2\SemesterTwo\Algorithms and Data Structs 2 INFS2009 2022-23\ads2_assign1.c\Library.cpp(598,13): warning C4477: 'scanf_s' : format string '%8s' requires an argument of type 'unsigned int', but variadic argument 2 has type 'size_t'
E:\Uni\YEAR2\SemesterTwo\Algorithms and Data Structs 2 INFS2009 2022-23\ads2_assign1.c\Library.cpp(598,13): message : this argument is used as a buffer size
E:\Uni\YEAR2\SemesterTwo\Algorithms and Data Structs 2 INFS2009 2022-23\ads2_assign1.c\Library.cpp(617,21): warning C4477: 'scanf_s' : format string '%c' requires an argument of type 'unsigned int', but variadic argument 2 has type 'size_t'
E:\Uni\YEAR2\SemesterTwo\Algorithms and Data Structs 2 INFS2009 2022-23\ads2_assign1.c\Library.cpp(617,21): message : this argument is used as a buffer size
E:\Uni\YEAR2\SemesterTwo\Algorithms and Data Structs 2 INFS2009 2022-23\ads2_assign1.c\Library.cpp(715,13): warning C4477: 'scanf_s' : format string '%c' requires an argument of type 'unsigned int', but variadic argument 2 has type 'size_t'
E:\Uni\YEAR2\SemesterTwo\Algorithms and Data Structs 2 INFS2009 2022-23\ads2_assign1.c\Library.cpp(715,13): message : this argument is used as a buffer size
E:\Uni\YEAR2\SemesterTwo\Algorithms and Data Structs 2 INFS2009 2022-23\ads2_assign1.c\Library.cpp(778,13): warning C4477: 'scanf_s' : format string '%c' requires an argument of type 'unsigned int', but variadic argument 2 has type 'size_t'
E:\Uni\YEAR2\SemesterTwo\Algorithms and Data Structs 2 INFS2009 2022-23\ads2_assign1.c\Library.cpp(778,13): message : this argument is used as a buffer size
  Generating code
  2 of 21 functions ( 9.5%) were compiled, the rest were copied from previous compilation.
    0 functions were new in current compilation
    0 functions had inline decision re-evaluated but remain unchanged
  Finished generating code
  ads2_assign1.c.vcxproj -> E:\Uni\YEAR2\SemesterTwo\Algorithms and Data Structs 2 INFS2009 2022-23\ads2_assign1.c\x64\Release\ads2_assign1.c.exe
